#
# There is insufficient memory for the Java Runtime Environment to continue.
# Native memory allocation (mmap) failed to map 65536 bytes. Error detail: Failed to commit metaspace.
# Possible reasons:
#   The system is out of physical RAM or swap space
#   This process is running with CompressedOops enabled, and the Java Heap may be blocking the growth of the native heap
# Possible solutions:
#   Reduce memory load on the system
#   Increase physical memory or swap space
#   Check if swap backing store is full
#   Decrease Java heap size (-Xmx/-Xms)
#   Decrease number of Java threads
#   Decrease Java thread stack sizes (-Xss)
#   Set larger code cache with -XX:ReservedCodeCacheSize=
#   JVM is running with Unscaled Compressed Oops mode in which the Java heap is
#     placed in the first 4GB address space. The Java Heap base address is the
#     maximum limit for the native heap growth. Please use -XX:HeapBaseMinAddress
#     to set the Java Heap base and to place the Java Heap above 4GB virtual address.
# This output file may be truncated or incomplete.
#
#  Out of Memory Error (virtualSpaceNode.cpp:112), pid=23832, tid=15740
#
# JRE version: OpenJDK Runtime Environment Temurin-22.0.1+8 (22.0.1+8) (build 22.0.1+8)
# Java VM: OpenJDK 64-Bit Server VM Temurin-22.0.1+8 (22.0.1+8, mixed mode, tiered, compressed oops, compressed class ptrs, g1 gc, windows-amd64)
# No core dump will be written. Minidumps are not enabled by default on client versions of Windows
#

---------------  S U M M A R Y ------------

Command Line: -Dfile.encoding=UTF-8 -Dstdout.encoding=UTF-8 -Dstderr.encoding=UTF-8 -XX:+ShowCodeDetailsInExceptionMessages test.GiaoDienChinh

Host: AMD Ryzen 5 3500U with Radeon Vega Mobile Gfx  , 8 cores, 5G,  Windows 11 , 64 bit Build 22621 (10.0.22621.4391)
Time: Mon Nov  4 22:45:53 2024 SE Asia Standard Time elapsed time: 1.364700 seconds (0d 0h 0m 1s)

---------------  T H R E A D  ---------------

Current thread (0x0000028ef25cc540):  JavaThread "Image Fetcher 0" daemon [_thread_in_vm, id=15740, stack(0x000000c9efb00000,0x000000c9efc00000) (1024K)]

Stack: [0x000000c9efb00000,0x000000c9efc00000]
Native frames: (J=compiled Java code, j=interpreted, Vv=VM code, C=native code)
V  [jvm.dll+0x6ea239]  (no source info available)
V  [jvm.dll+0x8ccf93]  (no source info available)
V  [jvm.dll+0x8cf3be]  (no source info available)
V  [jvm.dll+0x8cfa93]  (no source info available)
V  [jvm.dll+0x286ea6]  (no source info available)
V  [jvm.dll+0x8c8d2e]  (no source info available)
V  [jvm.dll+0x68bda5]  (no source info available)
V  [jvm.dll+0x68be0a]  (no source info available)
V  [jvm.dll+0x68e627]  (no source info available)
V  [jvm.dll+0x22b47c]  (no source info available)
V  [jvm.dll+0x68c7be]  (no source info available)
V  [jvm.dll+0x2707cf]  (no source info available)
V  [jvm.dll+0x696994]  (no source info available)
V  [jvm.dll+0x21b17d]  (no source info available)
V  [jvm.dll+0x21b6fa]  (no source info available)
V  [jvm.dll+0x21c125]  (no source info available)
V  [jvm.dll+0x2115ae]  (no source info available)
V  [jvm.dll+0x5ca21c]  (no source info available)
V  [jvm.dll+0x222c2a]  (no source info available)
V  [jvm.dll+0x842ddc]  (no source info available)
V  [jvm.dll+0x843e36]  (no source info available)
V  [jvm.dll+0x844444]  (no source info available)
V  [jvm.dll+0x4891bb]  (no source info available)
C  [java.dll+0x1a25]  (no source info available)

Java frames: (J=compiled Java code, j=interpreted, Vv=VM code)
j  java.lang.ClassLoader.findBootstrapClass(Ljava/lang/String;)Ljava/lang/Class;+0 java.base@22.0.1
j  java.lang.ClassLoader.findBootstrapClassOrNull(Ljava/lang/String;)Ljava/lang/Class;+10 java.base@22.0.1
j  java.lang.System$2.findBootstrapClassOrNull(Ljava/lang/String;)Ljava/lang/Class;+1 java.base@22.0.1
j  jdk.internal.loader.BootLoader.loadClassOrNull(Ljava/lang/String;)Ljava/lang/Class;+4 java.base@22.0.1
j  jdk.internal.loader.BootLoader.loadClass(Ljava/lang/Module;Ljava/lang/String;)Ljava/lang/Class;+1 java.base@22.0.1
j  java.lang.Class.forName(Ljava/lang/Module;Ljava/lang/String;Ljava/lang/Class;)Ljava/lang/Class;+83 java.base@22.0.1
j  java.lang.Class.forName(Ljava/lang/Module;Ljava/lang/String;)Ljava/lang/Class;+17 java.base@22.0.1
j  sun.util.resources.Bundles.findBundleOf(Lsun/util/resources/Bundles$CacheKey;Lsun/util/resources/Bundles$Strategy;Ljava/lang/String;Ljava/util/List;I)Ljava/util/ResourceBundle;+205 java.base@22.0.1
j  sun.util.resources.Bundles.findBundleOf(Lsun/util/resources/Bundles$CacheKey;Lsun/util/resources/Bundles$Strategy;Ljava/lang/String;Ljava/util/List;I)Ljava/util/ResourceBundle;+37 java.base@22.0.1
j  sun.util.resources.Bundles.loadBundleOf(Ljava/lang/String;Ljava/util/Locale;Lsun/util/resources/Bundles$Strategy;)Ljava/util/ResourceBundle;+112 java.base@22.0.1
j  sun.util.resources.Bundles.of(Ljava/lang/String;Ljava/util/Locale;Lsun/util/resources/Bundles$Strategy;)Ljava/util/ResourceBundle;+3 java.base@22.0.1
j  sun.util.resources.LocaleData$1.run()Ljava/util/ResourceBundle;+11 java.base@22.0.1
j  sun.util.resources.LocaleData$1.run()Ljava/lang/Object;+1 java.base@22.0.1
j  java.security.AccessController.executePrivileged(Ljava/security/PrivilegedAction;Ljava/security/AccessControlContext;Ljava/lang/Class;)Ljava/lang/Object;+29 java.base@22.0.1
j  java.security.AccessController.doPrivileged(Ljava/security/PrivilegedAction;)Ljava/lang/Object;+5 java.base@22.0.1
j  sun.util.resources.LocaleData.getBundle(Ljava/lang/String;Ljava/util/Locale;)Ljava/util/ResourceBundle;+9 java.base@22.0.1
j  sun.util.resources.LocaleData.getDateFormatData(Ljava/util/Locale;)Ljava/util/ResourceBundle;+26 java.base@22.0.1
j  java.text.DateFormatSymbols.initializeData(Ljava/util/Locale;)V+93 java.base@22.0.1
j  java.text.DateFormatSymbols.<init>(Ljava/util/Locale;)V+56 java.base@22.0.1
j  sun.util.locale.provider.DateFormatSymbolsProviderImpl.getInstance(Ljava/util/Locale;)Ljava/text/DateFormatSymbols;+17 java.base@22.0.1
j  java.text.DateFormatSymbols.getProviderInstance(Ljava/util/Locale;)Ljava/text/DateFormatSymbols;+14 java.base@22.0.1
j  java.text.DateFormatSymbols.getInstanceRef(Ljava/util/Locale;)Ljava/text/DateFormatSymbols;+1 java.base@22.0.1
j  java.text.SimpleDateFormat.<init>(Ljava/lang/String;Ljava/util/Locale;)V+53 java.base@22.0.1
j  sun.net.www.protocol.file.FileURLConnection.initializeHeaders()V+146 java.base@22.0.1
j  sun.net.www.protocol.file.FileURLConnection.getHeaderField(Ljava/lang/String;)Ljava/lang/String;+1 java.base@22.0.1
j  sun.net.www.URLConnection.getContentType()Ljava/lang/String;+11 java.base@22.0.1
j  sun.awt.image.URLImageSource.getDecoder()Lsun/awt/image/ImageDecoder;+17 java.desktop@22.0.1
j  sun.awt.image.InputStreamImageSource.doFetch()V+30 java.desktop@22.0.1
j  sun.awt.image.ImageFetcher.fetchloop()V+31 java.desktop@22.0.1
j  sun.awt.image.ImageFetcher.run()V+5 java.desktop@22.0.1
v  ~StubRoutines::call_stub 0x0000028ee127100d

---------------  P R O C E S S  ---------------

Threads class SMR info:
_java_thread_list=0x0000028ef25a34f0, length=16, elements={
0x0000028eed9d92e0, 0x0000028eed9db360, 0x0000028eed9e7c00, 0x0000028eed9e8660,
0x0000028eed9de9f0, 0x0000028eed9e4960, 0x0000028eed9e6040, 0x0000028eed9fb750,
0x0000028eedba2200, 0x0000028eedba90a0, 0x0000028ef2147230, 0x0000028ef21498b0,
0x0000028ef215ef30, 0x0000028ef216dfc0, 0x0000028ed624f950, 0x0000028ef25cc540
}

Java Threads: ( => current thread )
  0x0000028eed9d92e0 JavaThread "Reference Handler"          daemon [_thread_blocked, id=21136, stack(0x000000c9ee000000,0x000000c9ee100000) (1024K)]
  0x0000028eed9db360 JavaThread "Finalizer"                  daemon [_thread_blocked, id=16508, stack(0x000000c9ee100000,0x000000c9ee200000) (1024K)]
  0x0000028eed9e7c00 JavaThread "Signal Dispatcher"          daemon [_thread_blocked, id=1512, stack(0x000000c9ee200000,0x000000c9ee300000) (1024K)]
  0x0000028eed9e8660 JavaThread "Attach Listener"            daemon [_thread_blocked, id=21584, stack(0x000000c9ee300000,0x000000c9ee400000) (1024K)]
  0x0000028eed9de9f0 JavaThread "Service Thread"             daemon [_thread_blocked, id=15364, stack(0x000000c9ee400000,0x000000c9ee500000) (1024K)]
  0x0000028eed9e4960 JavaThread "Monitor Deflation Thread"   daemon [_thread_blocked, id=11736, stack(0x000000c9ee500000,0x000000c9ee600000) (1024K)]
  0x0000028eed9e6040 JavaThread "C2 CompilerThread0"         daemon [_thread_blocked, id=24308, stack(0x000000c9ee600000,0x000000c9ee700000) (1024K)]
  0x0000028eed9fb750 JavaThread "C1 CompilerThread0"         daemon [_thread_in_vm, id=16596, stack(0x000000c9ee700000,0x000000c9ee800000) (1024K)]
  0x0000028eedba2200 JavaThread "Notification Thread"        daemon [_thread_blocked, id=24072, stack(0x000000c9ee800000,0x000000c9ee900000) (1024K)]
  0x0000028eedba90a0 JavaThread "Common-Cleaner"             daemon [_thread_blocked, id=6460, stack(0x000000c9ee900000,0x000000c9eea00000) (1024K)]
  0x0000028ef2147230 JavaThread "Java2D Disposer"            daemon [_thread_blocked, id=21976, stack(0x000000c9eea00000,0x000000c9eeb00000) (1024K)]
  0x0000028ef21498b0 JavaThread "AWT-Shutdown"                      [_thread_blocked, id=18216, stack(0x000000c9eeb00000,0x000000c9eec00000) (1024K)]
  0x0000028ef215ef30 JavaThread "AWT-Windows"                daemon [_thread_in_vm, id=4304, stack(0x000000c9eec00000,0x000000c9eed00000) (1024K)]
  0x0000028ef216dfc0 JavaThread "AWT-EventQueue-0"                  [_thread_blocked, id=24332, stack(0x000000c9eed00000,0x000000c9eee00000) (1024K)]
  0x0000028ed624f950 JavaThread "DestroyJavaVM"                     [_thread_blocked, id=19200, stack(0x000000c9ed800000,0x000000c9ed900000) (1024K)]
=>0x0000028ef25cc540 JavaThread "Image Fetcher 0"            daemon [_thread_in_vm, id=15740, stack(0x000000c9efb00000,0x000000c9efc00000) (1024K)]
Total: 16

Other Threads:
  0x0000028eed86c710 VMThread "VM Thread"                           [id=23136, stack(0x000000c9edf00000,0x000000c9ee000000) (1024K)]
  0x0000028eed7e6930 WatcherThread "VM Periodic Task Thread"        [id=6620, stack(0x000000c9ede00000,0x000000c9edf00000) (1024K)]
  0x0000028ed6294520 WorkerThread "GC Thread#0"                     [id=22280, stack(0x000000c9ed900000,0x000000c9eda00000) (1024K)]
  0x0000028ed62a1190 ConcurrentGCThread "G1 Main Marker"            [id=13096, stack(0x000000c9eda00000,0x000000c9edb00000) (1024K)]
  0x0000028ed62a25f0 WorkerThread "G1 Conc#0"                       [id=21660, stack(0x000000c9edb00000,0x000000c9edc00000) (1024K)]
  0x0000028ed630e840 ConcurrentGCThread "G1 Refine#0"               [id=16772, stack(0x000000c9edc00000,0x000000c9edd00000) (1024K)]
  0x0000028eed6b84c0 ConcurrentGCThread "G1 Service"                [id=14644, stack(0x000000c9edd00000,0x000000c9ede00000) (1024K)]
Total: 7

Threads with active compile tasks:
C1 CompilerThread0  1516  663       3       sun.util.locale.LanguageTag::isRegion (36 bytes)
Total: 1

VM state: not at safepoint (normal execution)

VM Mutex/Monitor currently owned by a thread:  ([mutex/lock_event])
[0x00007ffc708adf28] Metaspace_lock - owner thread: 0x0000028ef25cc540

Heap address: 0x00000000a1c00000, size: 1508 MB, Compressed Oops mode: 32-bit

CDS archive(s) not mapped
Compressed class space mapped at: 0x000000000e000000-0x000000004e000000, reserved size: 1073741824
Narrow klass base: 0x0000000000000000, Narrow klass shift: 0, Narrow klass range: 0x4e000000

GC Precious Log:
 CardTable entry size: 512
 Card Set container configuration: InlinePtr #cards 5 size 8 Array Of Cards #cards 12 size 40 Howl #buckets 4 coarsen threshold 1843 Howl Bitmap #cards 512 size 80 coarsen threshold 460 Card regions per heap region 1 cards per card region 2048
 CPUs: 8 total, 8 available
 Memory: 6030M
 Large Page Support: Disabled
 NUMA Support: Disabled
 Compressed Oops: Enabled (32-bit)
 Heap Region Size: 1M
 Heap Min Capacity: 8M
 Heap Initial Capacity: 96M
 Heap Max Capacity: 1508M
 Pre-touch: Disabled
 Parallel Workers: 8
 Concurrent Workers: 2
 Concurrent Refinement Workers: 8
 Periodic GC: Disabled

Heap:
 garbage-first heap   total reserved 1544192K, committed 98304K, used 6144K [0x00000000a1c00000, 0x0000000100000000)
  region size 1024K, 7 young (7168K), 0 survivors (0K)
 Metaspace       used 12905K, committed 13120K, reserved 1114112K
  class space    used 1234K, committed 1344K, reserved 1048576K

Heap Regions: E=young(eden), S=young(survivor), O=old, HS=humongous(starts), HC=humongous(continues), CS=collection set, F=free, TAMS=top-at-mark-start, PB=parsable bottom
|   0|0x00000000a1c00000, 0x00000000a1c00000, 0x00000000a1d00000|  0%| F|  |TAMS 0x00000000a1c00000| PB 0x00000000a1c00000| Untracked |  0
|   1|0x00000000a1d00000, 0x00000000a1d00000, 0x00000000a1e00000|  0%| F|  |TAMS 0x00000000a1d00000| PB 0x00000000a1d00000| Untracked |  0
|   2|0x00000000a1e00000, 0x00000000a1e00000, 0x00000000a1f00000|  0%| F|  |TAMS 0x00000000a1e00000| PB 0x00000000a1e00000| Untracked |  0
|   3|0x00000000a1f00000, 0x00000000a1f00000, 0x00000000a2000000|  0%| F|  |TAMS 0x00000000a1f00000| PB 0x00000000a1f00000| Untracked |  0
|   4|0x00000000a2000000, 0x00000000a2000000, 0x00000000a2100000|  0%| F|  |TAMS 0x00000000a2000000| PB 0x00000000a2000000| Untracked |  0
|   5|0x00000000a2100000, 0x00000000a2100000, 0x00000000a2200000|  0%| F|  |TAMS 0x00000000a2100000| PB 0x00000000a2100000| Untracked |  0
|   6|0x00000000a2200000, 0x00000000a2200000, 0x00000000a2300000|  0%| F|  |TAMS 0x00000000a2200000| PB 0x00000000a2200000| Untracked |  0
|   7|0x00000000a2300000, 0x00000000a2300000, 0x00000000a2400000|  0%| F|  |TAMS 0x00000000a2300000| PB 0x00000000a2300000| Untracked |  0
|   8|0x00000000a2400000, 0x00000000a2400000, 0x00000000a2500000|  0%| F|  |TAMS 0x00000000a2400000| PB 0x00000000a2400000| Untracked |  0
|   9|0x00000000a2500000, 0x00000000a2500000, 0x00000000a2600000|  0%| F|  |TAMS 0x00000000a2500000| PB 0x00000000a2500000| Untracked |  0
|  10|0x00000000a2600000, 0x00000000a2600000, 0x00000000a2700000|  0%| F|  |TAMS 0x00000000a2600000| PB 0x00000000a2600000| Untracked |  0
|  11|0x00000000a2700000, 0x00000000a2700000, 0x00000000a2800000|  0%| F|  |TAMS 0x00000000a2700000| PB 0x00000000a2700000| Untracked |  0
|  12|0x00000000a2800000, 0x00000000a2800000, 0x00000000a2900000|  0%| F|  |TAMS 0x00000000a2800000| PB 0x00000000a2800000| Untracked |  0
|  13|0x00000000a2900000, 0x00000000a2900000, 0x00000000a2a00000|  0%| F|  |TAMS 0x00000000a2900000| PB 0x00000000a2900000| Untracked |  0
|  14|0x00000000a2a00000, 0x00000000a2a00000, 0x00000000a2b00000|  0%| F|  |TAMS 0x00000000a2a00000| PB 0x00000000a2a00000| Untracked |  0
|  15|0x00000000a2b00000, 0x00000000a2b00000, 0x00000000a2c00000|  0%| F|  |TAMS 0x00000000a2b00000| PB 0x00000000a2b00000| Untracked |  0
|  16|0x00000000a2c00000, 0x00000000a2c00000, 0x00000000a2d00000|  0%| F|  |TAMS 0x00000000a2c00000| PB 0x00000000a2c00000| Untracked |  0
|  17|0x00000000a2d00000, 0x00000000a2d00000, 0x00000000a2e00000|  0%| F|  |TAMS 0x00000000a2d00000| PB 0x00000000a2d00000| Untracked |  0
|  18|0x00000000a2e00000, 0x00000000a2e00000, 0x00000000a2f00000|  0%| F|  |TAMS 0x00000000a2e00000| PB 0x00000000a2e00000| Untracked |  0
|  19|0x00000000a2f00000, 0x00000000a2f00000, 0x00000000a3000000|  0%| F|  |TAMS 0x00000000a2f00000| PB 0x00000000a2f00000| Untracked |  0
|  20|0x00000000a3000000, 0x00000000a3000000, 0x00000000a3100000|  0%| F|  |TAMS 0x00000000a3000000| PB 0x00000000a3000000| Untracked |  0
|  21|0x00000000a3100000, 0x00000000a3100000, 0x00000000a3200000|  0%| F|  |TAMS 0x00000000a3100000| PB 0x00000000a3100000| Untracked |  0
|  22|0x00000000a3200000, 0x00000000a3200000, 0x00000000a3300000|  0%| F|  |TAMS 0x00000000a3200000| PB 0x00000000a3200000| Untracked |  0
|  23|0x00000000a3300000, 0x00000000a3300000, 0x00000000a3400000|  0%| F|  |TAMS 0x00000000a3300000| PB 0x00000000a3300000| Untracked |  0
|  24|0x00000000a3400000, 0x00000000a3400000, 0x00000000a3500000|  0%| F|  |TAMS 0x00000000a3400000| PB 0x00000000a3400000| Untracked |  0
|  25|0x00000000a3500000, 0x00000000a3500000, 0x00000000a3600000|  0%| F|  |TAMS 0x00000000a3500000| PB 0x00000000a3500000| Untracked |  0
|  26|0x00000000a3600000, 0x00000000a3600000, 0x00000000a3700000|  0%| F|  |TAMS 0x00000000a3600000| PB 0x00000000a3600000| Untracked |  0
|  27|0x00000000a3700000, 0x00000000a3700000, 0x00000000a3800000|  0%| F|  |TAMS 0x00000000a3700000| PB 0x00000000a3700000| Untracked |  0
|  28|0x00000000a3800000, 0x00000000a3800000, 0x00000000a3900000|  0%| F|  |TAMS 0x00000000a3800000| PB 0x00000000a3800000| Untracked |  0
|  29|0x00000000a3900000, 0x00000000a3900000, 0x00000000a3a00000|  0%| F|  |TAMS 0x00000000a3900000| PB 0x00000000a3900000| Untracked |  0
|  30|0x00000000a3a00000, 0x00000000a3a00000, 0x00000000a3b00000|  0%| F|  |TAMS 0x00000000a3a00000| PB 0x00000000a3a00000| Untracked |  0
|  31|0x00000000a3b00000, 0x00000000a3b00000, 0x00000000a3c00000|  0%| F|  |TAMS 0x00000000a3b00000| PB 0x00000000a3b00000| Untracked |  0
|  32|0x00000000a3c00000, 0x00000000a3c00000, 0x00000000a3d00000|  0%| F|  |TAMS 0x00000000a3c00000| PB 0x00000000a3c00000| Untracked |  0
|  33|0x00000000a3d00000, 0x00000000a3d00000, 0x00000000a3e00000|  0%| F|  |TAMS 0x00000000a3d00000| PB 0x00000000a3d00000| Untracked |  0
|  34|0x00000000a3e00000, 0x00000000a3e00000, 0x00000000a3f00000|  0%| F|  |TAMS 0x00000000a3e00000| PB 0x00000000a3e00000| Untracked |  0
|  35|0x00000000a3f00000, 0x00000000a3f00000, 0x00000000a4000000|  0%| F|  |TAMS 0x00000000a3f00000| PB 0x00000000a3f00000| Untracked |  0
|  36|0x00000000a4000000, 0x00000000a4000000, 0x00000000a4100000|  0%| F|  |TAMS 0x00000000a4000000| PB 0x00000000a4000000| Untracked |  0
|  37|0x00000000a4100000, 0x00000000a4100000, 0x00000000a4200000|  0%| F|  |TAMS 0x00000000a4100000| PB 0x00000000a4100000| Untracked |  0
|  38|0x00000000a4200000, 0x00000000a4200000, 0x00000000a4300000|  0%| F|  |TAMS 0x00000000a4200000| PB 0x00000000a4200000| Untracked |  0
|  39|0x00000000a4300000, 0x00000000a4300000, 0x00000000a4400000|  0%| F|  |TAMS 0x00000000a4300000| PB 0x00000000a4300000| Untracked |  0
|  40|0x00000000a4400000, 0x00000000a4400000, 0x00000000a4500000|  0%| F|  |TAMS 0x00000000a4400000| PB 0x00000000a4400000| Untracked |  0
|  41|0x00000000a4500000, 0x00000000a4500000, 0x00000000a4600000|  0%| F|  |TAMS 0x00000000a4500000| PB 0x00000000a4500000| Untracked |  0
|  42|0x00000000a4600000, 0x00000000a4600000, 0x00000000a4700000|  0%| F|  |TAMS 0x00000000a4600000| PB 0x00000000a4600000| Untracked |  0
|  43|0x00000000a4700000, 0x00000000a4700000, 0x00000000a4800000|  0%| F|  |TAMS 0x00000000a4700000| PB 0x00000000a4700000| Untracked |  0
|  44|0x00000000a4800000, 0x00000000a4800000, 0x00000000a4900000|  0%| F|  |TAMS 0x00000000a4800000| PB 0x00000000a4800000| Untracked |  0
|  45|0x00000000a4900000, 0x00000000a4900000, 0x00000000a4a00000|  0%| F|  |TAMS 0x00000000a4900000| PB 0x00000000a4900000| Untracked |  0
|  46|0x00000000a4a00000, 0x00000000a4a00000, 0x00000000a4b00000|  0%| F|  |TAMS 0x00000000a4a00000| PB 0x00000000a4a00000| Untracked |  0
|  47|0x00000000a4b00000, 0x00000000a4b00000, 0x00000000a4c00000|  0%| F|  |TAMS 0x00000000a4b00000| PB 0x00000000a4b00000| Untracked |  0
|  48|0x00000000a4c00000, 0x00000000a4c00000, 0x00000000a4d00000|  0%| F|  |TAMS 0x00000000a4c00000| PB 0x00000000a4c00000| Untracked |  0
|  49|0x00000000a4d00000, 0x00000000a4d00000, 0x00000000a4e00000|  0%| F|  |TAMS 0x00000000a4d00000| PB 0x00000000a4d00000| Untracked |  0
|  50|0x00000000a4e00000, 0x00000000a4e00000, 0x00000000a4f00000|  0%| F|  |TAMS 0x00000000a4e00000| PB 0x00000000a4e00000| Untracked |  0
|  51|0x00000000a4f00000, 0x00000000a4f00000, 0x00000000a5000000|  0%| F|  |TAMS 0x00000000a4f00000| PB 0x00000000a4f00000| Untracked |  0
|  52|0x00000000a5000000, 0x00000000a5000000, 0x00000000a5100000|  0%| F|  |TAMS 0x00000000a5000000| PB 0x00000000a5000000| Untracked |  0
|  53|0x00000000a5100000, 0x00000000a5100000, 0x00000000a5200000|  0%| F|  |TAMS 0x00000000a5100000| PB 0x00000000a5100000| Untracked |  0
|  54|0x00000000a5200000, 0x00000000a5200000, 0x00000000a5300000|  0%| F|  |TAMS 0x00000000a5200000| PB 0x00000000a5200000| Untracked |  0
|  55|0x00000000a5300000, 0x00000000a5300000, 0x00000000a5400000|  0%| F|  |TAMS 0x00000000a5300000| PB 0x00000000a5300000| Untracked |  0
|  56|0x00000000a5400000, 0x00000000a5400000, 0x00000000a5500000|  0%| F|  |TAMS 0x00000000a5400000| PB 0x00000000a5400000| Untracked |  0
|  57|0x00000000a5500000, 0x00000000a5500000, 0x00000000a5600000|  0%| F|  |TAMS 0x00000000a5500000| PB 0x00000000a5500000| Untracked |  0
|  58|0x00000000a5600000, 0x00000000a5600000, 0x00000000a5700000|  0%| F|  |TAMS 0x00000000a5600000| PB 0x00000000a5600000| Untracked |  0
|  59|0x00000000a5700000, 0x00000000a5700000, 0x00000000a5800000|  0%| F|  |TAMS 0x00000000a5700000| PB 0x00000000a5700000| Untracked |  0
|  60|0x00000000a5800000, 0x00000000a5800000, 0x00000000a5900000|  0%| F|  |TAMS 0x00000000a5800000| PB 0x00000000a5800000| Untracked |  0
|  61|0x00000000a5900000, 0x00000000a5900000, 0x00000000a5a00000|  0%| F|  |TAMS 0x00000000a5900000| PB 0x00000000a5900000| Untracked |  0
|  62|0x00000000a5a00000, 0x00000000a5a00000, 0x00000000a5b00000|  0%| F|  |TAMS 0x00000000a5a00000| PB 0x00000000a5a00000| Untracked |  0
|  63|0x00000000a5b00000, 0x00000000a5b00000, 0x00000000a5c00000|  0%| F|  |TAMS 0x00000000a5b00000| PB 0x00000000a5b00000| Untracked |  0
|  64|0x00000000a5c00000, 0x00000000a5c00000, 0x00000000a5d00000|  0%| F|  |TAMS 0x00000000a5c00000| PB 0x00000000a5c00000| Untracked |  0
|  65|0x00000000a5d00000, 0x00000000a5d00000, 0x00000000a5e00000|  0%| F|  |TAMS 0x00000000a5d00000| PB 0x00000000a5d00000| Untracked |  0
|  66|0x00000000a5e00000, 0x00000000a5e00000, 0x00000000a5f00000|  0%| F|  |TAMS 0x00000000a5e00000| PB 0x00000000a5e00000| Untracked |  0
|  67|0x00000000a5f00000, 0x00000000a5f00000, 0x00000000a6000000|  0%| F|  |TAMS 0x00000000a5f00000| PB 0x00000000a5f00000| Untracked |  0
|  68|0x00000000a6000000, 0x00000000a6000000, 0x00000000a6100000|  0%| F|  |TAMS 0x00000000a6000000| PB 0x00000000a6000000| Untracked |  0
|  69|0x00000000a6100000, 0x00000000a6100000, 0x00000000a6200000|  0%| F|  |TAMS 0x00000000a6100000| PB 0x00000000a6100000| Untracked |  0
|  70|0x00000000a6200000, 0x00000000a6200000, 0x00000000a6300000|  0%| F|  |TAMS 0x00000000a6200000| PB 0x00000000a6200000| Untracked |  0
|  71|0x00000000a6300000, 0x00000000a6300000, 0x00000000a6400000|  0%| F|  |TAMS 0x00000000a6300000| PB 0x00000000a6300000| Untracked |  0
|  72|0x00000000a6400000, 0x00000000a6400000, 0x00000000a6500000|  0%| F|  |TAMS 0x00000000a6400000| PB 0x00000000a6400000| Untracked |  0
|  73|0x00000000a6500000, 0x00000000a6500000, 0x00000000a6600000|  0%| F|  |TAMS 0x00000000a6500000| PB 0x00000000a6500000| Untracked |  0
|  74|0x00000000a6600000, 0x00000000a6600000, 0x00000000a6700000|  0%| F|  |TAMS 0x00000000a6600000| PB 0x00000000a6600000| Untracked |  0
|  75|0x00000000a6700000, 0x00000000a6700000, 0x00000000a6800000|  0%| F|  |TAMS 0x00000000a6700000| PB 0x00000000a6700000| Untracked |  0
|  76|0x00000000a6800000, 0x00000000a6800000, 0x00000000a6900000|  0%| F|  |TAMS 0x00000000a6800000| PB 0x00000000a6800000| Untracked |  0
|  77|0x00000000a6900000, 0x00000000a6900000, 0x00000000a6a00000|  0%| F|  |TAMS 0x00000000a6900000| PB 0x00000000a6900000| Untracked |  0
|  78|0x00000000a6a00000, 0x00000000a6a00000, 0x00000000a6b00000|  0%| F|  |TAMS 0x00000000a6a00000| PB 0x00000000a6a00000| Untracked |  0
|  79|0x00000000a6b00000, 0x00000000a6b00000, 0x00000000a6c00000|  0%| F|  |TAMS 0x00000000a6b00000| PB 0x00000000a6b00000| Untracked |  0
|  80|0x00000000a6c00000, 0x00000000a6c00000, 0x00000000a6d00000|  0%| F|  |TAMS 0x00000000a6c00000| PB 0x00000000a6c00000| Untracked |  0
|  81|0x00000000a6d00000, 0x00000000a6d00000, 0x00000000a6e00000|  0%| F|  |TAMS 0x00000000a6d00000| PB 0x00000000a6d00000| Untracked |  0
|  82|0x00000000a6e00000, 0x00000000a6e00000, 0x00000000a6f00000|  0%| F|  |TAMS 0x00000000a6e00000| PB 0x00000000a6e00000| Untracked |  0
|  83|0x00000000a6f00000, 0x00000000a6f00000, 0x00000000a7000000|  0%| F|  |TAMS 0x00000000a6f00000| PB 0x00000000a6f00000| Untracked |  0
|  84|0x00000000a7000000, 0x00000000a7000000, 0x00000000a7100000|  0%| F|  |TAMS 0x00000000a7000000| PB 0x00000000a7000000| Untracked |  0
|  85|0x00000000a7100000, 0x00000000a7100000, 0x00000000a7200000|  0%| F|  |TAMS 0x00000000a7100000| PB 0x00000000a7100000| Untracked |  0
|  86|0x00000000a7200000, 0x00000000a7200000, 0x00000000a7300000|  0%| F|  |TAMS 0x00000000a7200000| PB 0x00000000a7200000| Untracked |  0
|  87|0x00000000a7300000, 0x00000000a7300000, 0x00000000a7400000|  0%| F|  |TAMS 0x00000000a7300000| PB 0x00000000a7300000| Untracked |  0
|  88|0x00000000a7400000, 0x00000000a7400000, 0x00000000a7500000|  0%| F|  |TAMS 0x00000000a7400000| PB 0x00000000a7400000| Untracked |  0
|  89|0x00000000a7500000, 0x00000000a757ae30, 0x00000000a7600000| 48%| E|  |TAMS 0x00000000a7500000| PB 0x00000000a7500000| Complete |  0
|  90|0x00000000a7600000, 0x00000000a7700000, 0x00000000a7700000|100%| E|CS|TAMS 0x00000000a7600000| PB 0x00000000a7600000| Complete |  0
|  91|0x00000000a7700000, 0x00000000a7800000, 0x00000000a7800000|100%| E|CS|TAMS 0x00000000a7700000| PB 0x00000000a7700000| Complete |  0
|  92|0x00000000a7800000, 0x00000000a7900000, 0x00000000a7900000|100%| E|CS|TAMS 0x00000000a7800000| PB 0x00000000a7800000| Complete |  0
|  93|0x00000000a7900000, 0x00000000a7a00000, 0x00000000a7a00000|100%| E|CS|TAMS 0x00000000a7900000| PB 0x00000000a7900000| Complete |  0
|  94|0x00000000a7a00000, 0x00000000a7b00000, 0x00000000a7b00000|100%| E|CS|TAMS 0x00000000a7a00000| PB 0x00000000a7a00000| Complete |  0
|  95|0x00000000a7b00000, 0x00000000a7c00000, 0x00000000a7c00000|100%| E|CS|TAMS 0x00000000a7b00000| PB 0x00000000a7b00000| Complete |  0

Card table byte_map: [0x0000028ee9380000,0x0000028ee9680000] _byte_map_base: 0x0000028ee8e72000

Marking Bits: (CMBitMap*) 0x0000028ed6294c30
 Bits: [0x0000028ee9680000, 0x0000028eeae10000)

Polling page: 0x0000028ed4250000

Metaspace:

Usage:
  Non-class:     11.40 MB used.
      Class:      1.21 MB used.
       Both:     12.60 MB used.

Virtual space:
  Non-class space:       64.00 MB reserved,      11.50 MB ( 18%) committed,  1 nodes.
      Class space:        1.00 GB reserved,       1.31 MB ( <1%) committed,  1 nodes.
             Both:        1.06 GB reserved,      12.81 MB (  1%) committed. 

Chunk freelists:
   Non-Class:  4.49 MB
       Class:  14.74 MB
        Both:  19.23 MB

MaxMetaspaceSize: unlimited
CompressedClassSpaceSize: 1.00 GB
Initial GC threshold: 21.00 MB
Current GC threshold: 21.00 MB
CDS: off
 - commit_granule_bytes: 65536.
 - commit_granule_words: 8192.
 - virtual_space_node_default_size: 8388608.
 - enlarge_chunks_in_place: 1.
 - use_allocation_guard: 0.


Internal statistics:

num_allocs_failed_limit: 0.
num_arena_births: 118.
num_arena_deaths: 0.
num_vsnodes_births: 2.
num_vsnodes_deaths: 0.
num_space_committed: 205.
num_space_uncommitted: 0.
num_chunks_returned_to_freelist: 0.
num_chunks_taken_from_freelist: 170.
num_chunk_merges: 0.
num_chunk_splits: 92.
num_chunks_enlarged: 43.
num_inconsistent_stats: 0.

CodeHeap 'non-profiled nmethods': size=120000Kb used=188Kb max_used=188Kb free=119811Kb
 bounds [0x0000028ee1810000, 0x0000028ee1a80000, 0x0000028ee8d40000]
CodeHeap 'profiled nmethods': size=120000Kb used=999Kb max_used=999Kb free=119000Kb
 bounds [0x0000028ed9d40000, 0x0000028ed9fb0000, 0x0000028ee1270000]
CodeHeap 'non-nmethods': size=5760Kb used=1440Kb max_used=1455Kb free=4319Kb
 bounds [0x0000028ee1270000, 0x0000028ee14e0000, 0x0000028ee1810000]
 total_blobs=1195 nmethods=666 adapters=434
 compilation: enabled
              stopped_count=0, restarted_count=0
 full_count=0

Compilation events (20 events):
Event: 1.303 Thread 0x0000028eed9e6040 nmethod 662 0x0000028ee183c090 code [0x0000028ee183c200, 0x0000028ee183c338]
Event: 1.307 Thread 0x0000028eed9fb750 nmethod 648 0x0000028ed9e32990 code [0x0000028ed9e32d00, 0x0000028ed9e33ee8]
Event: 1.307 Thread 0x0000028eed9fb750  665       3       sun.util.locale.LanguageTag::parseVariants (98 bytes)
Event: 1.308 Thread 0x0000028eed9e6040  674       4       java.util.concurrent.ConcurrentHashMap::get (162 bytes)
Event: 1.308 Thread 0x0000028eed9fb750 nmethod 665 0x0000028ed9e34610 code [0x0000028ed9e34840, 0x0000028ed9e34f60]
Event: 1.308 Thread 0x0000028eed9fb750  671       3       sun.util.locale.LanguageTag::getVariants (24 bytes)
Event: 1.309 Thread 0x0000028eed9fb750 nmethod 671 0x0000028ed9e35190 code [0x0000028ed9e35360, 0x0000028ed9e35630]
Event: 1.309 Thread 0x0000028eed9fb750  672       3       sun.util.locale.LanguageTag::getExtensions (24 bytes)
Event: 1.310 Thread 0x0000028eed9fb750 nmethod 672 0x0000028ed9e35710 code [0x0000028ed9e358e0, 0x0000028ed9e35bb0]
Event: 1.310 Thread 0x0000028eed9fb750  659       3       java.util.stream.Nodes$FixedNodeBuilder::accept (61 bytes)
Event: 1.312 Thread 0x0000028eed9fb750 nmethod 659 0x0000028ed9e35c90 code [0x0000028ed9e35ee0, 0x0000028ed9e36800]
Event: 1.314 Thread 0x0000028eed9fb750  649       3       sun.util.locale.ParseStatus::<init> (9 bytes)
Event: 1.321 Thread 0x0000028eed9e6040 nmethod 674 0x0000028ee183c390 code [0x0000028ee183c560, 0x0000028ee183c9f0]
Event: 1.321 Thread 0x0000028eed9e6040  675       4       sun.util.locale.LocaleUtils::toLowerString (95 bytes)
Event: 1.330 Thread 0x0000028eed9fb750 nmethod 649 0x0000028ed9e36b90 code [0x0000028ed9e36d40, 0x0000028ed9e36f48]
Event: 1.331 Thread 0x0000028eed9fb750  650       3       sun.util.locale.ParseStatus::reset (16 bytes)
Event: 1.332 Thread 0x0000028eed9fb750 nmethod 650 0x0000028ed9e37010 code [0x0000028ed9e371a0, 0x0000028ed9e372e0]
Event: 1.333 Thread 0x0000028eed9fb750  651       3       sun.util.locale.StringTokenIterator::<init> (51 bytes)
Event: 1.340 Thread 0x0000028eed9e6040 nmethod 675 0x0000028ee183cd90 code [0x0000028ee183cf60, 0x0000028ee183d6c8]
Event: 1.342 Thread 0x0000028eed9e6040  679       4       java.lang.String::substring (58 bytes)

GC Heap History (0 events):
No events

Dll operation events (7 events):
Event: 0.015 Loaded shared library C:\Users\vi097\.p2\pool\plugins\org.eclipse.justj.openjdk.hotspot.jre.full.win32.x86_64_22.0.1.v20240426-1149\jre\bin\java.dll
Event: 0.052 Loaded shared library C:\Users\vi097\.p2\pool\plugins\org.eclipse.justj.openjdk.hotspot.jre.full.win32.x86_64_22.0.1.v20240426-1149\jre\bin\zip.dll
Event: 0.383 Loaded shared library C:\Users\vi097\.p2\pool\plugins\org.eclipse.justj.openjdk.hotspot.jre.full.win32.x86_64_22.0.1.v20240426-1149\jre\bin\jimage.dll
Event: 0.402 Loaded shared library C:\Users\vi097\.p2\pool\plugins\org.eclipse.justj.openjdk.hotspot.jre.full.win32.x86_64_22.0.1.v20240426-1149\jre\bin\net.dll
Event: 0.405 Loaded shared library C:\Users\vi097\.p2\pool\plugins\org.eclipse.justj.openjdk.hotspot.jre.full.win32.x86_64_22.0.1.v20240426-1149\jre\bin\nio.dll
Event: 0.415 Loaded shared library C:\Users\vi097\.p2\pool\plugins\org.eclipse.justj.openjdk.hotspot.jre.full.win32.x86_64_22.0.1.v20240426-1149\jre\bin\zip.dll
Event: 0.479 Loaded shared library C:\Users\vi097\.p2\pool\plugins\org.eclipse.justj.openjdk.hotspot.jre.full.win32.x86_64_22.0.1.v20240426-1149\jre\bin\awt.dll

Deoptimization events (0 events):
No events

Classes loaded (20 events):
Event: 1.328 Loading class sun/util/resources/Bundles$CacheKeyReference
Event: 1.328 Loading class sun/util/resources/Bundles$CacheKeyReference done
Event: 1.328 Loading class sun/util/resources/Bundles$BundleReference done
Event: 1.328 Loading class sun/util/locale/provider/LocaleResources$ResourceReference
Event: 1.328 Loading class sun/util/locale/provider/LocaleResources$ResourceReference done
Event: 1.329 Loading class sun/util/calendar/Gregorian$Date
Event: 1.329 Loading class sun/util/calendar/BaseCalendar$Date
Event: 1.329 Loading class sun/util/calendar/CalendarDate
Event: 1.329 Loading class sun/util/calendar/CalendarDate done
Event: 1.329 Loading class sun/util/calendar/BaseCalendar$Date done
Event: 1.329 Loading class sun/util/calendar/Gregorian$Date done
Event: 1.330 Loading class sun/util/calendar/CalendarUtils
Event: 1.332 Loading class sun/util/calendar/CalendarUtils done
Event: 1.333 Loading class java/text/DateFormatSymbols
Event: 1.334 Loading class java/text/DateFormatSymbols done
Event: 1.341 Loading class sun/util/locale/provider/DateFormatSymbolsProviderImpl
Event: 1.342 Loading class sun/util/locale/provider/DateFormatSymbolsProviderImpl done
Event: 1.346 Loading class sun/text/resources/cldr/FormatData
Event: 1.347 Loading class sun/text/resources/cldr/FormatData done
Event: 1.348 Loading class sun/text/resources/cldr/FormatData_en

Classes unloaded (0 events):
No events

Classes redefined (0 events):
No events

Internal exceptions (9 events):
Event: 0.450 Thread 0x0000028ed624f950 Exception <a 'java/lang/ClassNotFoundException'{0x00000000a7af23a0}: sun/awt/resources/spi/awtProvider> (0x00000000a7af23a0) 
thrown [s\src\hotspot\share\classfile\systemDictionary.cpp, line 313]
Event: 0.499 Thread 0x0000028ed624f950 Exception <a 'java/io/FileNotFoundException'{0x00000000a7957110}> (0x00000000a7957110) 
thrown [s\src\hotspot\share\prims\jni.cpp, line 520]
Event: 0.511 Thread 0x0000028ed624f950 Exception <a 'java/io/FileNotFoundException'{0x00000000a7985610}> (0x00000000a7985610) 
thrown [s\src\hotspot\share\prims\jni.cpp, line 520]
Event: 0.851 Thread 0x0000028ef216dfc0 Exception <a 'java/lang/NoSuchMethodError'{0x00000000a78b78b0}: 'void java.lang.invoke.DirectMethodHandle$Holder.invokeSpecial(java.lang.Object, java.lang.Object, java.lang.Object)'> (0x00000000a78b78b0) 
thrown [s\src\hotspot\share\interpreter\linkResolver.cpp, line 774]
Event: 0.870 Thread 0x0000028ef216dfc0 Exception <a 'java/lang/NoSuchMethodError'{0x00000000a78ddc10}: 'java.lang.Object java.lang.invoke.DirectMethodHandle$Holder.newInvokeSpecial(java.lang.Object, java.lang.Object, java.lang.Object, java.lang.Object, java.lang.Object)'> (0x00000000a78ddc10) 
thrown [s\src\hotspot\share\interpreter\linkResolver.cpp, line 774]
Event: 0.881 Thread 0x0000028ef216dfc0 Exception <a 'java/lang/NoSuchMethodError'{0x00000000a7714ad8}: 'java.lang.Object java.lang.invoke.DirectMethodHandle$Holder.invokeStatic(java.lang.Object, int, java.lang.Object)'> (0x00000000a7714ad8) 
thrown [s\src\hotspot\share\interpreter\linkResolver.cpp, line 774]
Event: 0.920 Thread 0x0000028ef216dfc0 Exception <a 'java/lang/ClassNotFoundException'{0x00000000a77b6a58}: com/sun/swing/internal/plaf/metal/resources/spi/metalProvider> (0x00000000a77b6a58) 
thrown [s\src\hotspot\share\classfile\systemDictionary.cpp, line 313]
Event: 0.923 Thread 0x0000028ef216dfc0 Exception <a 'java/lang/ClassNotFoundException'{0x00000000a77baa08}: com/sun/swing/internal/plaf/basic/resources/spi/basicProvider> (0x00000000a77baa08) 
thrown [s\src\hotspot\share\classfile\systemDictionary.cpp, line 313]
Event: 0.945 Thread 0x0000028ef216dfc0 Exception <a 'java/lang/NoSuchMethodError'{0x00000000a77dab20}: 'int java.lang.invoke.Invokers$Holder.invokeExact_MT(java.lang.Object, java.lang.Object)'> (0x00000000a77dab20) 
thrown [s\src\hotspot\share\interpreter\linkResolver.cpp, line 774]

ZGC Phase Switch (0 events):
No events

VM Operations (8 events):
Event: 0.426 Executing VM operation: HandshakeAllThreads (Deoptimize)
Event: 0.426 Executing VM operation: HandshakeAllThreads (Deoptimize) done
Event: 0.531 Executing VM operation: HandshakeAllThreads (Deoptimize)
Event: 0.531 Executing VM operation: HandshakeAllThreads (Deoptimize) done
Event: 1.320 Executing VM operation: HandshakeAllThreads (Deoptimize)
Event: 1.320 Executing VM operation: HandshakeAllThreads (Deoptimize) done
Event: 1.320 Executing VM operation: Cleanup
Event: 1.320 Executing VM operation: Cleanup done

Events (18 events):
Event: 0.050 Thread 0x0000028ed624f950 Thread added: 0x0000028ed624f950
Event: 0.241 Thread 0x0000028eed9d92e0 Thread added: 0x0000028eed9d92e0
Event: 0.242 Thread 0x0000028eed9db360 Thread added: 0x0000028eed9db360
Event: 0.245 Thread 0x0000028eed9e7c00 Thread added: 0x0000028eed9e7c00
Event: 0.245 Thread 0x0000028eed9e8660 Thread added: 0x0000028eed9e8660
Event: 0.245 Thread 0x0000028eed9de9f0 Thread added: 0x0000028eed9de9f0
Event: 0.245 Thread 0x0000028eed9e4960 Thread added: 0x0000028eed9e4960
Event: 0.246 Thread 0x0000028eed9e6040 Thread added: 0x0000028eed9e6040
Event: 0.246 Thread 0x0000028eed9fb750 Thread added: 0x0000028eed9fb750
Event: 0.307 Thread 0x0000028eedba2200 Thread added: 0x0000028eedba2200
Event: 0.314 Thread 0x0000028eedba90a0 Thread added: 0x0000028eedba90a0
Event: 0.585 Thread 0x0000028ef2147230 Thread added: 0x0000028ef2147230
Event: 0.586 Thread 0x0000028ef21498b0 Thread added: 0x0000028ef21498b0
Event: 0.589 Thread 0x0000028ef215ef30 Thread added: 0x0000028ef215ef30
Event: 0.629 Thread 0x0000028ef216dfc0 Thread added: 0x0000028ef216dfc0
Event: 0.630 Thread 0x0000028ed624f950 Thread exited: 0x0000028ed624f950
Event: 0.630 Thread 0x0000028ed624f950 Thread added: 0x0000028ed624f950
Event: 1.138 Thread 0x0000028ef25cc540 Thread added: 0x0000028ef25cc540


Dynamic libraries:
0x00007ff7319d0000 - 0x00007ff7319de000 	C:\Users\vi097\.p2\pool\plugins\org.eclipse.justj.openjdk.hotspot.jre.full.win32.x86_64_22.0.1.v20240426-1149\jre\bin\javaw.exe
0x00007ffcdb4b0000 - 0x00007ffcdb6c7000 	C:\WINDOWS\SYSTEM32\ntdll.dll
0x00007ffcda0c0000 - 0x00007ffcda184000 	C:\WINDOWS\System32\KERNEL32.DLL
0x00007ffcd8cf0000 - 0x00007ffcd90a9000 	C:\WINDOWS\System32\KERNELBASE.dll
0x00007ffcd90b0000 - 0x00007ffcd91c1000 	C:\WINDOWS\System32\ucrtbase.dll
0x00007ffcc2100000 - 0x00007ffcc211b000 	C:\Users\vi097\.p2\pool\plugins\org.eclipse.justj.openjdk.hotspot.jre.full.win32.x86_64_22.0.1.v20240426-1149\jre\bin\VCRUNTIME140.dll
0x00007ffccad30000 - 0x00007ffccad47000 	C:\Users\vi097\.p2\pool\plugins\org.eclipse.justj.openjdk.hotspot.jre.full.win32.x86_64_22.0.1.v20240426-1149\jre\bin\jli.dll
0x00007ffcd9a40000 - 0x00007ffcd9bee000 	C:\WINDOWS\System32\USER32.dll
0x00007ffcc0c40000 - 0x00007ffcc0ed2000 	C:\WINDOWS\WinSxS\amd64_microsoft.windows.common-controls_6595b64144ccf1df_6.0.22621.4391_none_2715d37f73803e96\COMCTL32.dll
0x00007ffcd8b20000 - 0x00007ffcd8b46000 	C:\WINDOWS\System32\win32u.dll
0x00007ffcd9230000 - 0x00007ffcd92d7000 	C:\WINDOWS\System32\msvcrt.dll
0x00007ffcdaa10000 - 0x00007ffcdaa39000 	C:\WINDOWS\System32\GDI32.dll
0x00007ffcd87b0000 - 0x00007ffcd88cb000 	C:\WINDOWS\System32\gdi32full.dll
0x00007ffcd8a00000 - 0x00007ffcd8a9a000 	C:\WINDOWS\System32\msvcp_win.dll
0x00007ffcdae90000 - 0x00007ffcdaec1000 	C:\WINDOWS\System32\IMM32.DLL
0x00007ffcd5070000 - 0x00007ffcd507c000 	C:\Users\vi097\.p2\pool\plugins\org.eclipse.justj.openjdk.hotspot.jre.full.win32.x86_64_22.0.1.v20240426-1149\jre\bin\vcruntime140_1.dll
0x00007ffca4880000 - 0x00007ffca490e000 	C:\Users\vi097\.p2\pool\plugins\org.eclipse.justj.openjdk.hotspot.jre.full.win32.x86_64_22.0.1.v20240426-1149\jre\bin\msvcp140.dll
0x00007ffc6fbd0000 - 0x00007ffc70992000 	C:\Users\vi097\.p2\pool\plugins\org.eclipse.justj.openjdk.hotspot.jre.full.win32.x86_64_22.0.1.v20240426-1149\jre\bin\server\jvm.dll
0x00007ffcd9dd0000 - 0x00007ffcd9e82000 	C:\WINDOWS\System32\ADVAPI32.dll
0x00007ffcdb260000 - 0x00007ffcdb307000 	C:\WINDOWS\System32\sechost.dll
0x00007ffcd8cc0000 - 0x00007ffcd8ce8000 	C:\WINDOWS\System32\bcrypt.dll
0x00007ffcd9c30000 - 0x00007ffcd9d44000 	C:\WINDOWS\System32\RPCRT4.dll
0x00007ffcdaa40000 - 0x00007ffcdaab1000 	C:\WINDOWS\System32\WS2_32.dll
0x00007ffcd8680000 - 0x00007ffcd86cd000 	C:\WINDOWS\SYSTEM32\POWRPROF.dll
0x00007ffcd1dd0000 - 0x00007ffcd1dda000 	C:\WINDOWS\SYSTEM32\VERSION.dll
0x00007ffcd1d90000 - 0x00007ffcd1dc4000 	C:\WINDOWS\SYSTEM32\WINMM.dll
0x00007ffcd8660000 - 0x00007ffcd8673000 	C:\WINDOWS\SYSTEM32\UMPDC.dll
0x00007ffcd7750000 - 0x00007ffcd7768000 	C:\WINDOWS\SYSTEM32\kernel.appcore.dll
0x00007ffcd5350000 - 0x00007ffcd535a000 	C:\Users\vi097\.p2\pool\plugins\org.eclipse.justj.openjdk.hotspot.jre.full.win32.x86_64_22.0.1.v20240426-1149\jre\bin\jimage.dll
0x00007ffcc7620000 - 0x00007ffcc7852000 	C:\WINDOWS\SYSTEM32\DBGHELP.DLL
0x00007ffcdaed0000 - 0x00007ffcdb25f000 	C:\WINDOWS\System32\combase.dll
0x00007ffcdadb0000 - 0x00007ffcdae87000 	C:\WINDOWS\System32\OLEAUT32.dll
0x00007ffcc7510000 - 0x00007ffcc7542000 	C:\WINDOWS\SYSTEM32\dbgcore.DLL
0x00007ffcd8aa0000 - 0x00007ffcd8b1b000 	C:\WINDOWS\System32\bcryptPrimitives.dll
0x00007ffcd5160000 - 0x00007ffcd517e000 	C:\Users\vi097\.p2\pool\plugins\org.eclipse.justj.openjdk.hotspot.jre.full.win32.x86_64_22.0.1.v20240426-1149\jre\bin\java.dll
0x00007ffcda190000 - 0x00007ffcdaa06000 	C:\WINDOWS\System32\SHELL32.dll
0x00007ffcd9770000 - 0x00007ffcd9915000 	C:\WINDOWS\System32\ole32.dll
0x00007ffcd3a90000 - 0x00007ffcd3aa7000 	C:\Users\vi097\.p2\pool\plugins\org.eclipse.justj.openjdk.hotspot.jre.full.win32.x86_64_22.0.1.v20240426-1149\jre\bin\zip.dll
0x00007ffcd66a0000 - 0x00007ffcd6fa3000 	C:\WINDOWS\SYSTEM32\windows.storage.dll
0x00007ffcd6560000 - 0x00007ffcd669f000 	C:\WINDOWS\SYSTEM32\wintypes.dll
0x00007ffcdb370000 - 0x00007ffcdb469000 	C:\WINDOWS\System32\SHCORE.dll
0x00007ffcdb310000 - 0x00007ffcdb36e000 	C:\WINDOWS\System32\shlwapi.dll
0x00007ffcd86e0000 - 0x00007ffcd870b000 	C:\WINDOWS\SYSTEM32\profapi.dll
0x00007ffcd52a0000 - 0x00007ffcd52b0000 	C:\Users\vi097\.p2\pool\plugins\org.eclipse.justj.openjdk.hotspot.jre.full.win32.x86_64_22.0.1.v20240426-1149\jre\bin\net.dll
0x00007ffcd7c30000 - 0x00007ffcd7c99000 	C:\WINDOWS\system32\mswsock.dll
0x00007ffcd3a70000 - 0x00007ffcd3a86000 	C:\Users\vi097\.p2\pool\plugins\org.eclipse.justj.openjdk.hotspot.jre.full.win32.x86_64_22.0.1.v20240426-1149\jre\bin\nio.dll
0x00007ffc9f3d0000 - 0x00007ffc9f55d000 	C:\Users\vi097\.p2\pool\plugins\org.eclipse.justj.openjdk.hotspot.jre.full.win32.x86_64_22.0.1.v20240426-1149\jre\bin\awt.dll
0x00007ffcd45d0000 - 0x00007ffcd4667000 	C:\WINDOWS\SYSTEM32\apphelp.dll
0x00007ffcd5c70000 - 0x00007ffcd5d21000 	C:\WINDOWS\system32\uxtheme.dll
0x00007ffcdac50000 - 0x00007ffcdadb0000 	C:\WINDOWS\System32\MSCTF.dll
0x00007ffcd5ef0000 - 0x00007ffcd5f1b000 	C:\WINDOWS\system32\DWMAPI.DLL
0x00007ffc83f20000 - 0x00007ffc84020000 	C:\WINDOWS\system32\opengl32.dll
0x00007ffca3b10000 - 0x00007ffca3b3d000 	C:\WINDOWS\SYSTEM32\GLU32.dll
0x00007ffcd5d90000 - 0x00007ffcd5dc7000 	C:\WINDOWS\SYSTEM32\dxcore.dll
0x00007ffcc3e30000 - 0x00007ffcc3fd8000 	C:\WINDOWS\system32\d3d9.dll
0x00007ffccf0e0000 - 0x00007ffccf29b000 	C:\WINDOWS\System32\DriverStore\FileRepository\u0402605.inf_amd64_436c7d82eab5c303\B399655\aticfx64.dll
0x00007ffcb1240000 - 0x00007ffcb1274000 	C:\WINDOWS\System32\DriverStore\FileRepository\u0402605.inf_amd64_436c7d82eab5c303\B399655\atiu9p64.dll
0x00007ffc6ee80000 - 0x00007ffc6fbc7000 	C:\WINDOWS\System32\DriverStore\FileRepository\u0402605.inf_amd64_436c7d82eab5c303\B399655\atiumd64.dll
0x000000006a910000 - 0x000000006b823000 	C:\WINDOWS\System32\DriverStore\FileRepository\u0402605.inf_amd64_436c7d82eab5c303\B399655\atiumd6a.dll
0x00007ffcd92e0000 - 0x00007ffcd9754000 	C:\WINDOWS\System32\SETUPAPI.dll
0x00007ffccced0000 - 0x00007ffcccf05000 	C:\WINDOWS\SYSTEM32\amdihk64.dll
0x00007ffcd1df0000 - 0x00007ffcd1e39000 	C:\WINDOWS\SYSTEM32\directxdatabasehelper.dll

dbghelp: loaded successfully - version: 4.0.5 - missing functions: none
symbol engine: initialized successfully - sym options: 0x614 - pdb path: .;C:\Users\vi097\.p2\pool\plugins\org.eclipse.justj.openjdk.hotspot.jre.full.win32.x86_64_22.0.1.v20240426-1149\jre\bin;C:\WINDOWS\SYSTEM32;C:\WINDOWS\WinSxS\amd64_microsoft.windows.common-controls_6595b64144ccf1df_6.0.22621.4391_none_2715d37f73803e96;C:\Users\vi097\.p2\pool\plugins\org.eclipse.justj.openjdk.hotspot.jre.full.win32.x86_64_22.0.1.v20240426-1149\jre\bin\server;C:\WINDOWS\System32\DriverStore\FileRepository\u0402605.inf_amd64_436c7d82eab5c303\B399655

VM Arguments:
jvm_args: -Dfile.encoding=UTF-8 -Dstdout.encoding=UTF-8 -Dstderr.encoding=UTF-8 -XX:+ShowCodeDetailsInExceptionMessages 
java_command: test.GiaoDienChinh
java_class_path (initial): E:\PhatTienUngDung\QuanLyCuaHangQuanAo\bin;E:\PhatTienUngDung\QuanLyCuaHangQuanAo\src\lib\flatlaf-extras-3.1.jar;E:\PhatTienUngDung\QuanLyCuaHangQuanAo\src\lib\flatlaf-fonts-roboto-2.137.jar;E:\PhatTienUngDung\QuanLyCuaHangQuanAo\src\lib\flatlaf-3.0.jar;E:\PhatTienUngDung\QuanLyCuaHangQuanAo\com.jgoodies.forms_1.9.0.v20240327-0800.jar;E:\PhatTienUngDung\QuanLyCuaHangQuanAo\com.jgoodies.common_1.8.1.v20240327-0800.jar
Launcher Type: SUN_STANDARD

[Global flags]
     intx CICompilerCount                          = 4                                         {product} {ergonomic}
     uint ConcGCThreads                            = 2                                         {product} {ergonomic}
     uint G1ConcRefinementThreads                  = 8                                         {product} {ergonomic}
   size_t G1HeapRegionSize                         = 1048576                                   {product} {ergonomic}
   size_t InitialHeapSize                          = 100663296                                 {product} {ergonomic}
   size_t MarkStackSize                            = 4194304                                   {product} {ergonomic}
   size_t MaxHeapSize                              = 1581252608                                {product} {ergonomic}
   size_t MaxNewSize                               = 947912704                                 {product} {ergonomic}
   size_t MinHeapDeltaBytes                        = 1048576                                   {product} {ergonomic}
   size_t MinHeapSize                              = 8388608                                   {product} {ergonomic}
    uintx NonNMethodCodeHeapSize                   = 5839372                                {pd product} {ergonomic}
    uintx NonProfiledCodeHeapSize                  = 122909434                              {pd product} {ergonomic}
    uintx ProfiledCodeHeapSize                     = 122909434                              {pd product} {ergonomic}
    uintx ReservedCodeCacheSize                    = 251658240                              {pd product} {ergonomic}
     bool SegmentedCodeCache                       = true                                      {product} {ergonomic}
     bool ShowCodeDetailsInExceptionMessages       = true                                   {manageable} {command line}
   size_t SoftMaxHeapSize                          = 1581252608                             {manageable} {ergonomic}
     bool UseCompressedOops                        = true                           {product lp64_product} {ergonomic}
     bool UseG1GC                                  = true                                      {product} {ergonomic}
     bool UseLargePagesIndividualAllocation        = false                                  {pd product} {ergonomic}

Logging:
Log output configuration:
 #0: stdout all=warning uptime,level,tags foldmultilines=false
 #1: stderr all=off uptime,level,tags foldmultilines=false

Environment Variables:
JAVA_HOME=C:\Program Files (x86)\Java\jre-1.8\bin
PATH=C:/Users/vi097/.p2/pool/plugins/org.eclipse.justj.openjdk.hotspot.jre.full.win32.x86_64_22.0.1.v20240426-1149/jre/bin/server;C:/Users/vi097/.p2/pool/plugins/org.eclipse.justj.openjdk.hotspot.jre.full.win32.x86_64_22.0.1.v20240426-1149/jre/bin;C:\Program Files\Common Files\Oracle\Java\javapath;C:\Program Files (x86)\Common Files\Oracle\Java\java8path;C:\Program Files (x86)\Common Files\Oracle\Java\javapath;C:\WINDOWS\system32;C:\WINDOWS;C:\WINDOWS\System32\Wbem;C:\WINDOWS\System32\WindowsPowerShell\v1.0\;C:\WINDOWS\System32\OpenSSH\;C:\Program Files\Microsoft SQL Server\Client SDK\ODBC\170\Tools\Binn\;C:\Program Files (x86)\Microsoft SQL Server\150\Tools\Binn\;C:\Program Files\Microsoft SQL Server\150\Tools\Binn\;C:\Program Files\Microsoft SQL Server\150\DTS\Binn\;C:\Program Files\Docker\Docker\resources\bin;C:\Program Files (x86)\Windows Kits\10\Windows Performance Toolkit\;C:\Program Files\dotnet\;C:\Program Files\Git\cmd;C:\Users\vi097\AppData\Local\Microsoft\WindowsApps;;C:\Users\vi097\AppData\Local\Programs\Azure Data Studio\bin;C:\Users\vi097\.dotnet\tools;C:\Users\vi097\OneDrive\Máy tính;
USERNAME=vi097
OS=Windows_NT
PROCESSOR_IDENTIFIER=AMD64 Family 23 Model 24 Stepping 1, AuthenticAMD
TMP=C:\Users\vi097\AppData\Local\Temp
TEMP=C:\Users\vi097\AppData\Local\Temp




Periodic native trim disabled

---------------  S Y S T E M  ---------------

OS:
 Windows 11 , 64 bit Build 22621 (10.0.22621.4391)
OS uptime: 3 days 4:45 hours
Hyper-V role detected

CPU: total 8 (initial active 8) (8 cores per cpu, 2 threads per core) family 23 model 24 stepping 1 microcode 0x0, cx8, cmov, fxsr, ht, mmx, 3dnowpref, sse, sse2, sse3, ssse3, sse4a, sse4.1, sse4.2, popcnt, lzcnt, tsc, tscinvbit, avx, avx2, aes, clmul, bmi1, bmi2, adx, sha, fma, vzeroupper, clflush, clflushopt, hv, rdtscp, f16c
Processor Information for all 8 processors :
  Max Mhz: 2100, Current Mhz: 2100, Mhz Limit: 2100

Memory: 4k page, system-wide physical 6030M (362M free)
TotalPageFile size 24462M (AvailPageFile size 0M)
current process WorkingSet (physical memory assigned to process): 71M, peak: 71M
current process commit charge ("private bytes"): 203M, peak: 203M

vm_info: OpenJDK 64-Bit Server VM (22.0.1+8) for windows-amd64 JRE (22.0.1+8), built on 2024-04-16T00:00:00Z by "admin" with MS VC++ 17.7 (VS2022)

END.
