#
# There is insufficient memory for the Java Runtime Environment to continue.
# Native memory allocation (malloc) failed to allocate 1048576 bytes. Error detail: AllocateHeap
# Possible reasons:
#   The system is out of physical RAM or swap space
#   This process is running with CompressedOops enabled, and the Java Heap may be blocking the growth of the native heap
# Possible solutions:
#   Reduce memory load on the system
#   Increase physical memory or swap space
#   Check if swap backing store is full
#   Decrease Java heap size (-Xmx/-Xms)
#   Decrease number of Java threads
#   Decrease Java thread stack sizes (-Xss)
#   Set larger code cache with -XX:ReservedCodeCacheSize=
#   JVM is running with Unscaled Compressed Oops mode in which the Java heap is
#     placed in the first 4GB address space. The Java Heap base address is the
#     maximum limit for the native heap growth. Please use -XX:HeapBaseMinAddress
#     to set the Java Heap base and to place the Java Heap above 4GB virtual address.
# This output file may be truncated or incomplete.
#
#  Out of Memory Error (allocation.cpp:44), pid=24500, tid=24540
#
# JRE version:  (22.0.1+8) (build )
# Java VM: OpenJDK 64-Bit Server VM (22.0.1+8, mixed mode, sharing, tiered, compressed oops, compressed class ptrs, g1 gc, windows-amd64)
# No core dump will be written. Minidumps are not enabled by default on client versions of Windows
#

---------------  S U M M A R Y ------------

Command Line: -Dfile.encoding=UTF-8 -Dstdout.encoding=UTF-8 -Dstderr.encoding=UTF-8 -XX:+ShowCodeDetailsInExceptionMessages test.GiaoDienChinh

Host: AMD Ryzen 5 3500U with Radeon Vega Mobile Gfx  , 8 cores, 5G,  Windows 11 , 64 bit Build 22621 (10.0.22621.4391)
Time: Mon Nov  4 20:58:29 2024 SE Asia Standard Time elapsed time: 0.031092 seconds (0d 0h 0m 0s)

---------------  T H R E A D  ---------------

Current thread (0x0000020d25f88f90):  JavaThread "Unknown thread" [_thread_in_vm, id=24540, stack(0x00000055cde00000,0x00000055cdf00000) (1024K)]

Stack: [0x00000055cde00000,0x00000055cdf00000]
Native frames: (J=compiled Java code, j=interpreted, Vv=VM code, C=native code)
V  [jvm.dll+0x6ea239]  (no source info available)
V  [jvm.dll+0x8ccf93]  (no source info available)
V  [jvm.dll+0x8cf3be]  (no source info available)
V  [jvm.dll+0x8cfa93]  (no source info available)
V  [jvm.dll+0x286ea6]  (no source info available)
V  [jvm.dll+0xbe687]  (no source info available)
V  [jvm.dll+0x33c7e4]  (no source info available)
V  [jvm.dll+0x33484e]  (no source info available)
V  [jvm.dll+0x894ebc]  (no source info available)
V  [jvm.dll+0x3c7531]  (no source info available)
V  [jvm.dll+0x87dc3c]  (no source info available)
V  [jvm.dll+0x460e3e]  (no source info available)
V  [jvm.dll+0x462c51]  (no source info available)
C  [jli.dll+0x5278]  (no source info available)
C  [ucrtbase.dll+0x29333]  (no source info available)
C  [KERNEL32.DLL+0x1259d]  (no source info available)
C  [ntdll.dll+0x5af38]  (no source info available)


---------------  P R O C E S S  ---------------

Threads class SMR info:
_java_thread_list=0x00007ffc7082c688, length=0, elements={
}

Java Threads: ( => current thread )
Total: 0

Other Threads:
  0x0000020d281f0e80 WorkerThread "GC Thread#0"                     [id=24544, stack(0x00000055cdf00000,0x00000055ce000000) (1024K)]

[error occurred during error reporting (printing all threads), id 0xc0000005, EXCEPTION_ACCESS_VIOLATION (0xc0000005) at pc=0x00007ffc6ff112c0]
VM state: not at safepoint (not fully initialized)

VM Mutex/Monitor currently owned by a thread:  ([mutex/lock_event])
[0x00007ffc708b00a8] Heap_lock - owner thread: 0x0000020d25f88f90

Heap address: 0x00000000a1c00000, size: 1508 MB, Compressed Oops mode: 32-bit

CDS archive(s) mapped at: [0x0000000000000000-0x0000000000000000-0x0000000000000000), size 0, SharedBaseAddress: 0x0000000800000000, ArchiveRelocationMode: 1.
Narrow klass base: 0x0000000000000000, Narrow klass shift: 0, Narrow klass range: 0x0

GC Precious Log:
 CardTable entry size: 512
 Card Set container configuration: InlinePtr #cards 5 size 8 Array Of Cards #cards 12 size 40 Howl #buckets 4 coarsen threshold 1843 Howl Bitmap #cards 512 size 80 coarsen threshold 460 Card regions per heap region 1 cards per card region 2048

Heap:
 garbage-first heap   total reserved 1544192K, committed 0K, used 0K [0x00000000a1c00000, 0x0000000100000000)
  region size 1024K, 0 young (0K), 0 survivors (0K)

[error occurred during error reporting (printing heap information), id 0xc0000005, EXCEPTION_ACCESS_VIOLATION (0xc0000005) at pc=0x00007ffc70316e29]
GC Heap History (0 events):
No events

Dll operation events (1 events):
Event: 0.022 Loaded shared library C:\Users\vi097\.p2\pool\plugins\org.eclipse.justj.openjdk.hotspot.jre.full.win32.x86_64_22.0.1.v20240426-1149\jre\bin\java.dll

Deoptimization events (0 events):
No events

Classes loaded (0 events):
No events

Classes unloaded (0 events):
No events

Classes redefined (0 events):
No events

Internal exceptions (0 events):
No events

ZGC Phase Switch (0 events):
No events

VM Operations (0 events):
No events

Events (0 events):
No events


Dynamic libraries:
0x00007ff7319d0000 - 0x00007ff7319de000 	C:\Users\vi097\.p2\pool\plugins\org.eclipse.justj.openjdk.hotspot.jre.full.win32.x86_64_22.0.1.v20240426-1149\jre\bin\javaw.exe
0x00007ffcdb4b0000 - 0x00007ffcdb6c7000 	C:\WINDOWS\SYSTEM32\ntdll.dll
0x00007ffcda0c0000 - 0x00007ffcda184000 	C:\WINDOWS\System32\KERNEL32.DLL
0x00007ffcd8cf0000 - 0x00007ffcd90a9000 	C:\WINDOWS\System32\KERNELBASE.dll
0x00007ffcd90b0000 - 0x00007ffcd91c1000 	C:\WINDOWS\System32\ucrtbase.dll
0x00007ffccad30000 - 0x00007ffccad47000 	C:\Users\vi097\.p2\pool\plugins\org.eclipse.justj.openjdk.hotspot.jre.full.win32.x86_64_22.0.1.v20240426-1149\jre\bin\jli.dll
0x00007ffcc2100000 - 0x00007ffcc211b000 	C:\Users\vi097\.p2\pool\plugins\org.eclipse.justj.openjdk.hotspot.jre.full.win32.x86_64_22.0.1.v20240426-1149\jre\bin\VCRUNTIME140.dll
0x00007ffcd9a40000 - 0x00007ffcd9bee000 	C:\WINDOWS\System32\USER32.dll
0x00007ffcc0c40000 - 0x00007ffcc0ed2000 	C:\WINDOWS\WinSxS\amd64_microsoft.windows.common-controls_6595b64144ccf1df_6.0.22621.4391_none_2715d37f73803e96\COMCTL32.dll
0x00007ffcd8b20000 - 0x00007ffcd8b46000 	C:\WINDOWS\System32\win32u.dll
0x00007ffcd9230000 - 0x00007ffcd92d7000 	C:\WINDOWS\System32\msvcrt.dll
0x00007ffcdaa10000 - 0x00007ffcdaa39000 	C:\WINDOWS\System32\GDI32.dll
0x00007ffcd87b0000 - 0x00007ffcd88cb000 	C:\WINDOWS\System32\gdi32full.dll
0x00007ffcd8a00000 - 0x00007ffcd8a9a000 	C:\WINDOWS\System32\msvcp_win.dll
0x00007ffcdae90000 - 0x00007ffcdaec1000 	C:\WINDOWS\System32\IMM32.DLL
0x00007ffcd5070000 - 0x00007ffcd507c000 	C:\Users\vi097\.p2\pool\plugins\org.eclipse.justj.openjdk.hotspot.jre.full.win32.x86_64_22.0.1.v20240426-1149\jre\bin\vcruntime140_1.dll
0x00007ffca4880000 - 0x00007ffca490e000 	C:\Users\vi097\.p2\pool\plugins\org.eclipse.justj.openjdk.hotspot.jre.full.win32.x86_64_22.0.1.v20240426-1149\jre\bin\msvcp140.dll
0x00007ffc6fbd0000 - 0x00007ffc70992000 	C:\Users\vi097\.p2\pool\plugins\org.eclipse.justj.openjdk.hotspot.jre.full.win32.x86_64_22.0.1.v20240426-1149\jre\bin\server\jvm.dll
0x00007ffcd9dd0000 - 0x00007ffcd9e82000 	C:\WINDOWS\System32\ADVAPI32.dll
0x00007ffcdb260000 - 0x00007ffcdb307000 	C:\WINDOWS\System32\sechost.dll
0x00007ffcd8cc0000 - 0x00007ffcd8ce8000 	C:\WINDOWS\System32\bcrypt.dll
0x00007ffcd9c30000 - 0x00007ffcd9d44000 	C:\WINDOWS\System32\RPCRT4.dll
0x00007ffcdaa40000 - 0x00007ffcdaab1000 	C:\WINDOWS\System32\WS2_32.dll
0x00007ffcd8680000 - 0x00007ffcd86cd000 	C:\WINDOWS\SYSTEM32\POWRPROF.dll
0x00007ffcd1d90000 - 0x00007ffcd1dc4000 	C:\WINDOWS\SYSTEM32\WINMM.dll
0x00007ffcd1dd0000 - 0x00007ffcd1dda000 	C:\WINDOWS\SYSTEM32\VERSION.dll
0x00007ffcd8660000 - 0x00007ffcd8673000 	C:\WINDOWS\SYSTEM32\UMPDC.dll
0x00007ffcd7750000 - 0x00007ffcd7768000 	C:\WINDOWS\SYSTEM32\kernel.appcore.dll
0x00007ffcd5350000 - 0x00007ffcd535a000 	C:\Users\vi097\.p2\pool\plugins\org.eclipse.justj.openjdk.hotspot.jre.full.win32.x86_64_22.0.1.v20240426-1149\jre\bin\jimage.dll
0x00007ffcc7620000 - 0x00007ffcc7852000 	C:\WINDOWS\SYSTEM32\DBGHELP.DLL
0x00007ffcdaed0000 - 0x00007ffcdb25f000 	C:\WINDOWS\System32\combase.dll
0x00007ffcdadb0000 - 0x00007ffcdae87000 	C:\WINDOWS\System32\OLEAUT32.dll
0x00007ffcc7510000 - 0x00007ffcc7542000 	C:\WINDOWS\SYSTEM32\dbgcore.DLL
0x00007ffcd8aa0000 - 0x00007ffcd8b1b000 	C:\WINDOWS\System32\bcryptPrimitives.dll
0x00007ffcd5160000 - 0x00007ffcd517e000 	C:\Users\vi097\.p2\pool\plugins\org.eclipse.justj.openjdk.hotspot.jre.full.win32.x86_64_22.0.1.v20240426-1149\jre\bin\java.dll
0x00007ffcda190000 - 0x00007ffcdaa06000 	C:\WINDOWS\System32\SHELL32.dll
0x00007ffcd9770000 - 0x00007ffcd9915000 	C:\WINDOWS\System32\ole32.dll

dbghelp: loaded successfully - version: 4.0.5 - missing functions: none
symbol engine: initialized successfully - sym options: 0x614 - pdb path: .;C:\Users\vi097\.p2\pool\plugins\org.eclipse.justj.openjdk.hotspot.jre.full.win32.x86_64_22.0.1.v20240426-1149\jre\bin;C:\WINDOWS\SYSTEM32;C:\WINDOWS\WinSxS\amd64_microsoft.windows.common-controls_6595b64144ccf1df_6.0.22621.4391_none_2715d37f73803e96;C:\Users\vi097\.p2\pool\plugins\org.eclipse.justj.openjdk.hotspot.jre.full.win32.x86_64_22.0.1.v20240426-1149\jre\bin\server

VM Arguments:
jvm_args: -Dfile.encoding=UTF-8 -Dstdout.encoding=UTF-8 -Dstderr.encoding=UTF-8 -XX:+ShowCodeDetailsInExceptionMessages 
java_command: test.GiaoDienChinh
java_class_path (initial): E:\PhatTienUngDung\QuanLyCuaHangQuanAo\bin;E:\PhatTienUngDung\QuanLyCuaHangQuanAo\src\lib\flatlaf-extras-3.1.jar;E:\PhatTienUngDung\QuanLyCuaHangQuanAo\src\lib\flatlaf-fonts-roboto-2.137.jar;E:\PhatTienUngDung\QuanLyCuaHangQuanAo\src\lib\flatlaf-3.0.jar;E:\PhatTienUngDung\QuanLyCuaHangQuanAo\com.jgoodies.forms_1.9.0.v20240327-0800.jar;E:\PhatTienUngDung\QuanLyCuaHangQuanAo\com.jgoodies.common_1.8.1.v20240327-0800.jar
Launcher Type: SUN_STANDARD

[Global flags]
     intx CICompilerCount                          = 4                                         {product} {ergonomic}
     uint ConcGCThreads                            = 2                                         {product} {ergonomic}
     uint G1ConcRefinementThreads                  = 8                                         {product} {ergonomic}
   size_t G1HeapRegionSize                         = 1048576                                   {product} {ergonomic}
   size_t InitialHeapSize                          = 100663296                                 {product} {ergonomic}
   size_t MarkStackSize                            = 4194304                                   {product} {ergonomic}
   size_t MaxHeapSize                              = 1581252608                                {product} {ergonomic}
   size_t MinHeapDeltaBytes                        = 1048576                                   {product} {ergonomic}
   size_t MinHeapSize                              = 8388608                                   {product} {ergonomic}
    uintx NonNMethodCodeHeapSize                   = 5839372                                {pd product} {ergonomic}
    uintx NonProfiledCodeHeapSize                  = 122909434                              {pd product} {ergonomic}
    uintx ProfiledCodeHeapSize                     = 122909434                              {pd product} {ergonomic}
    uintx ReservedCodeCacheSize                    = 251658240                              {pd product} {ergonomic}
     bool SegmentedCodeCache                       = true                                      {product} {ergonomic}
     bool ShowCodeDetailsInExceptionMessages       = true                                   {manageable} {command line}
   size_t SoftMaxHeapSize                          = 1581252608                             {manageable} {ergonomic}
     bool UseCompressedOops                        = true                           {product lp64_product} {ergonomic}
     bool UseG1GC                                  = true                                      {product} {ergonomic}
     bool UseLargePagesIndividualAllocation        = false                                  {pd product} {ergonomic}

Logging:
Log output configuration:
 #0: stdout all=warning uptime,level,tags foldmultilines=false
 #1: stderr all=off uptime,level,tags foldmultilines=false

Environment Variables:
JAVA_HOME=C:\Program Files (x86)\Java\jre-1.8\bin
PATH=C:/Users/vi097/.p2/pool/plugins/org.eclipse.justj.openjdk.hotspot.jre.full.win32.x86_64_22.0.1.v20240426-1149/jre/bin/server;C:/Users/vi097/.p2/pool/plugins/org.eclipse.justj.openjdk.hotspot.jre.full.win32.x86_64_22.0.1.v20240426-1149/jre/bin;C:\Program Files\Common Files\Oracle\Java\javapath;C:\Program Files (x86)\Common Files\Oracle\Java\java8path;C:\Program Files (x86)\Common Files\Oracle\Java\javapath;C:\WINDOWS\system32;C:\WINDOWS;C:\WINDOWS\System32\Wbem;C:\WINDOWS\System32\WindowsPowerShell\v1.0\;C:\WINDOWS\System32\OpenSSH\;C:\Program Files\Microsoft SQL Server\Client SDK\ODBC\170\Tools\Binn\;C:\Program Files (x86)\Microsoft SQL Server\150\Tools\Binn\;C:\Program Files\Microsoft SQL Server\150\Tools\Binn\;C:\Program Files\Microsoft SQL Server\150\DTS\Binn\;C:\Program Files\Docker\Docker\resources\bin;C:\Program Files (x86)\Windows Kits\10\Windows Performance Toolkit\;C:\Program Files\dotnet\;C:\Program Files\Git\cmd;C:\Users\vi097\AppData\Local\Microsoft\WindowsApps;;C:\Users\vi097\AppData\Local\Programs\Azure Data Studio\bin;C:\Users\vi097\.dotnet\tools;C:\WINDOWS\system32;
USERNAME=vi097
OS=Windows_NT
PROCESSOR_IDENTIFIER=AMD64 Family 23 Model 24 Stepping 1, AuthenticAMD
TMP=C:\Users\vi097\AppData\Local\Temp
TEMP=C:\Users\vi097\AppData\Local\Temp




Periodic native trim disabled

---------------  S Y S T E M  ---------------

OS:
 Windows 11 , 64 bit Build 22621 (10.0.22621.4391)
OS uptime: 3 days 2:57 hours
Hyper-V role detected

CPU: total 8 (initial active 8) (8 cores per cpu, 2 threads per core) family 23 model 24 stepping 1 microcode 0x0, cx8, cmov, fxsr, ht, mmx, 3dnowpref, sse, sse2, sse3, ssse3, sse4a, sse4.1, sse4.2, popcnt, lzcnt, tsc, tscinvbit, avx, avx2, aes, clmul, bmi1, bmi2, adx, sha, fma, vzeroupper, clflush, clflushopt, hv, rdtscp, f16c
Processor Information for all 8 processors :
  Max Mhz: 2100, Current Mhz: 2100, Mhz Limit: 2100

Memory: 4k page, system-wide physical 6030M (355M free)
TotalPageFile size 24462M (AvailPageFile size 5M)
current process WorkingSet (physical memory assigned to process): 12M, peak: 12M
current process commit charge ("private bytes"): 53M, peak: 54M

vm_info: OpenJDK 64-Bit Server VM (22.0.1+8) for windows-amd64 JRE (22.0.1+8), built on 2024-04-16T00:00:00Z by "admin" with MS VC++ 17.7 (VS2022)

END.
